<?xml version="1.0" encoding="UTF-8" ?>
<testsuite tests="2" failures="1" name="org.runner.TestRunnerClass" time="48.845" errors="0" skipped="0">
  <properties>
[...]
</properties>
  <testcase classname="To validate login functionality" name="To verify the login functionality with invalid username and password" time="41.362"/>
  <testcase classname="To validate login functionality" name="To verify the forget password link for invalid user" time="7.483">
    <failure type="junit.framework.AssertionFailedError">junit.framework.AssertionFailedError
	at junit.framework.Assert.fail(Assert.java:55)
	at junit.framework.Assert.fail(Assert.java:64)
	at org.stepDefnition.Second_Scenario.read_the_error_message_and_Close_the_browser(Second_Scenario.java:32)
	at ✽.Read the error message and Close the browser(src/test/resources/Feature/Login.feature:22)
</failure>
    <system-err>ChromeDriver was started successfully.
Feb 16, 2021 5:52:57 PM org.openqa.selenium.remote.ProtocolHandshake createSession
INFO: Detected dialect: W3C
</system-err>
  </testcase>
</testsuite>